<?xml version="1.0" encoding="UTF-8"?>
<testng-results skipped="0" failed="0" ignored="0" total="1" passed="1">
  <reporter-output>
  </reporter-output>
  <suite name="Default suite" duration-ms="3846" started-at="2020-09-24T17:34:51 IST" finished-at="2020-09-24T17:34:55 IST">
    <groups>
    </groups>
    <test name="Default test" duration-ms="3846" started-at="2020-09-24T17:34:51 IST" finished-at="2020-09-24T17:34:55 IST">
      <class name="com.tests.DeleteTest">
        <test-method status="PASS" signature="test_001()[pri:0, instance:com.tests.DeleteTest@3b084709]" name="test_001" duration-ms="3785" started-at="2020-09-24T17:34:51 IST" finished-at="2020-09-24T17:34:55 IST">
          <reporter-output>
          </reporter-output>
        </test-method> <!-- test_001 -->
      </class> <!-- com.tests.DeleteTest -->
    </test> <!-- Default test -->
  </suite> <!-- Default suite -->
</testng-results>
